<?xml version="1.0" encoding="UTF-8"?>
<testsuites name="jest tests" tests="19" failures="10" errors="0" time="11.709">
  <testsuite name="Incident Reporting System Tests" errors="0" failures="10" skipped="0" timestamp="2024-10-22T09:32:32" time="11.559" tests="19">
    <testcase classname="Incident Reporting System Tests Authentication should register a new user" name="Incident Reporting System Tests Authentication should register a new user" time="0.347">
      <failure>TypeError: Cannot read properties of undefined (reading &apos;_id&apos;)
    at Object.&lt;anonymous&gt; (C:\Users\camse\Documents\reporting-system\tests\server\server.test.ts:75:30)
    at processTicksAndRejections (node:internal/process/task_queues:95:5)</failure>
    </testcase>
    <testcase classname="Incident Reporting System Tests Authentication should login an existing user" name="Incident Reporting System Tests Authentication should login an existing user" time="0.289">
      <failure>TypeError: Cannot read properties of undefined (reading &apos;_id&apos;)
    at Object.&lt;anonymous&gt; (C:\Users\camse\Documents\reporting-system\tests\server\server.test.ts:75:30)
    at processTicksAndRejections (node:internal/process/task_queues:95:5)</failure>
    </testcase>
    <testcase classname="Incident Reporting System Tests Bans should create a new ban" name="Incident Reporting System Tests Bans should create a new ban" time="0.35">
      <failure>TypeError: Cannot read properties of undefined (reading &apos;_id&apos;)
    at Object.&lt;anonymous&gt; (C:\Users\camse\Documents\reporting-system\tests\server\server.test.ts:75:30)
    at processTicksAndRejections (node:internal/process/task_queues:95:5)</failure>
    </testcase>
    <testcase classname="Incident Reporting System Tests Bans should get all bans" name="Incident Reporting System Tests Bans should get all bans" time="0.393">
      <failure>Error: expect(received).toBe(expected) // Object.is equality

Expected: 200
Received: 500
    at Object.&lt;anonymous&gt; (C:\Users\camse\Documents\reporting-system\tests\server\server.test.ts:129:31)
    at processTicksAndRejections (node:internal/process/task_queues:95:5)</failure>
    </testcase>
    <testcase classname="Incident Reporting System Tests Contacts should create a new contact" name="Incident Reporting System Tests Contacts should create a new contact" time="0.316">
      <failure>TypeError: Cannot read properties of undefined (reading &apos;_id&apos;)
    at Object.&lt;anonymous&gt; (C:\Users\camse\Documents\reporting-system\tests\server\server.test.ts:75:30)
    at processTicksAndRejections (node:internal/process/task_queues:95:5)</failure>
    </testcase>
    <testcase classname="Incident Reporting System Tests Contacts should get all contacts" name="Incident Reporting System Tests Contacts should get all contacts" time="0.381">
      <failure>Error: expect(received).toBe(expected) // Object.is equality

Expected: 200
Received: 500
    at Object.&lt;anonymous&gt; (C:\Users\camse\Documents\reporting-system\tests\server\server.test.ts:148:31)
    at processTicksAndRejections (node:internal/process/task_queues:95:5)</failure>
    </testcase>
    <testcase classname="Incident Reporting System Tests Offenders should create a new offender" name="Incident Reporting System Tests Offenders should create a new offender" time="0.41">
      <failure>TypeError: Cannot read properties of undefined (reading &apos;_id&apos;)
    at Object.&lt;anonymous&gt; (C:\Users\camse\Documents\reporting-system\tests\server\server.test.ts:75:30)
    at processTicksAndRejections (node:internal/process/task_queues:95:5)</failure>
    </testcase>
    <testcase classname="Incident Reporting System Tests Offenders should get all offenders" name="Incident Reporting System Tests Offenders should get all offenders" time="0.363">
      <failure>Error: expect(received).toBe(expected) // Object.is equality

Expected: 200
Received: 500
    at Object.&lt;anonymous&gt; (C:\Users\camse\Documents\reporting-system\tests\server\server.test.ts:167:31)
    at processTicksAndRejections (node:internal/process/task_queues:95:5)</failure>
    </testcase>
    <testcase classname="Incident Reporting System Tests Incidents should create a new incident" name="Incident Reporting System Tests Incidents should create a new incident" time="0.389">
    </testcase>
    <testcase classname="Incident Reporting System Tests Incidents should get all incidents" name="Incident Reporting System Tests Incidents should get all incidents" time="0.33">
      <failure>TypeError: Cannot read properties of undefined (reading &apos;_id&apos;)
    at Object.&lt;anonymous&gt; (C:\Users\camse\Documents\reporting-system\tests\server\server.test.ts:75:30)
    at processTicksAndRejections (node:internal/process/task_queues:95:5)</failure>
    </testcase>
    <testcase classname="Incident Reporting System Tests Dashboard should retrieve accurate dashboard stats" name="Incident Reporting System Tests Dashboard should retrieve accurate dashboard stats" time="0.389">
      <failure>Error: expect(received).toEqual(expected) // deep equality

- Expected  - 1
+ Received  + 1

  Object {
    &quot;totalBans&quot;: 1,
    &quot;totalIncidents&quot;: 1,
-   &quot;totalVenues&quot;: 1,
+   &quot;totalVenues&quot;: 2,
    &quot;totalWarnings&quot;: 1,
  }
    at Object.&lt;anonymous&gt; (C:\Users\camse\Documents\reporting-system\tests\server\server.test.ts:200:29)
    at processTicksAndRejections (node:internal/process/task_queues:95:5)</failure>
    </testcase>
    <testcase classname="Incident Reporting System Tests Dashboard should retrieve recent incidents and warnings" name="Incident Reporting System Tests Dashboard should retrieve recent incidents and warnings" time="0.399">
    </testcase>
    <testcase classname="Incident Reporting System Tests Warnings should create a new warning" name="Incident Reporting System Tests Warnings should create a new warning" time="0.419">
    </testcase>
    <testcase classname="Incident Reporting System Tests Warnings should get all warnings" name="Incident Reporting System Tests Warnings should get all warnings" time="0.389">
    </testcase>
    <testcase classname="Incident Reporting System Tests Admin User Management should get all users" name="Incident Reporting System Tests Admin User Management should get all users" time="0.404">
    </testcase>
    <testcase classname="Incident Reporting System Tests Admin User Management should create a new user" name="Incident Reporting System Tests Admin User Management should create a new user" time="0.431">
    </testcase>
    <testcase classname="Incident Reporting System Tests Admin User Management should edit a user" name="Incident Reporting System Tests Admin User Management should edit a user" time="0.4">
    </testcase>
    <testcase classname="Incident Reporting System Tests Venues should create a new venue" name="Incident Reporting System Tests Venues should create a new venue" time="0.374">
    </testcase>
    <testcase classname="Incident Reporting System Tests Venues should get all venues" name="Incident Reporting System Tests Venues should get all venues" time="0.376">
    </testcase>
  </testsuite>
</testsuites>